<?xml version="1.0" encoding="UTF-8"?>
<!-- Generated by org.testng.reporters.JUnitReportReporter -->
<testsuite hostname="LT371" failures="0" tests="1" name="testcases.TestPublicAPI2" time="1.134" errors="0" timestamp="12 Jan 2022 07:29:59 GMT">
  <testcase classname="testcases.TestPublicAPI2" name="verifyContent" time="1.134"/>
</testsuite> <!-- testcases.TestPublicAPI2 -->
