<?xml version="1.0" encoding="UTF-8"?>
<!-- Generated by org.testng.reporters.JUnitReportReporter -->
<testsuite hostname="LT371" failures="0" tests="2" name="testcases.TestPublicAPI" time="1.335" errors="0" timestamp="12 Jan 2022 07:30:16 GMT">
  <testcase classname="testcases.TestPublicAPI" name="verifyContent" time="1.122"/>
  <testcase classname="testcases.TestPublicAPI" name="verifyStatus" time="0.213"/>
</testsuite> <!-- testcases.TestPublicAPI -->
